<?xml version="1.0" encoding="UTF-8"?>
<!-- Generated by org.testng.reporters.JUnitXMLReporter -->
<testsuite ignored="0" hostname="DESKTOP-8BVEME5" failures="1" tests="2" name="Test" time="0.606" errors="0" timestamp="2024-02-24T23:38:43 IST">
  <testcase classname="com.automation.testcases.AllureReports" name="test1" time="0.228">
    <failure type="java.lang.AssertionError" message="expected [true] but found [false]">
      <![CDATA[java.lang.AssertionError: expected [true] but found [false]
at com.automation.testcases.AllureReports.test1(AllureReports.java:13)
at java.base/java.util.ArrayList.forEach(ArrayList.java:1511)
... Removed 31 stack frames]]>
    </failure>
  </testcase> <!-- test1 -->
  <testcase classname="com.automation.testcases.AllureReports" name="test2" time="0.016"/>
</testsuite> <!-- Test -->
